Sencha Cmd 6.0.0.202 - Crash report
================================================
An error occurred while executing the following command: --h

Diagnostic information:
=======================
                         app.archivePath : archive                                           
                      app.bootstrap.base : C:\Users\tony\IdeaProjects\MainClient             
                       app.bootstrap.css : bootstrap.css                                     
                  app.bootstrap.manifest : ${build.id}.json                                  
               app.bootstrap.microloader : bootstrap.js                                      
                app.builds.classic.theme : theme-triton                                      
              app.builds.classic.toolkit : classic                                           
                 app.builds.modern.theme : theme-neptune                                     
               app.builds.modern.toolkit : modern                                            
                        app.cache.deltas : true                                              
                        app.cache.enable : false                                             
                   app.classic.js.0.path : C:\Users\tony\IdeaProjects\MainClient\ext/build/ext-all-rtl-debug.js
                   app.classic.js.length : 1                                                 
                           app.classpath : app,${toolkit.name}/src                           
                         app.classpath.0 : app                                               
                         app.classpath.1 : ${toolkit.name}/src                               
                    app.classpath.length : 2                                                 
                          app.config.dir : C:\Users\tony\IdeaProjects\MainClient\.sencha\app 
                app.cordova.cache.enable : false                                             
                   app.cordova.config.id : com.domain.MainClient                             
                 app.cordova.config.name : MainClient                                        
                 app.cordova.config.path : C:\Users\tony\IdeaProjects\MainClient/cordova     
               app.cordova.config.target :                                                   
              app.cordova.config.verbose : false                                             
                   app.cordova.js.0.path : cordova.js                                        
               app.cordova.js.0.priority : 1000                                              
                 app.cordova.js.0.remote : true                                              
                   app.cordova.js.length : 1                                                 
                 app.cordova.microloader : C:\Users\tony\IdeaProjects\MainClient\.sencha\app/Microloader.js
      app.cordova.output.appCache.enable : false                                             
                 app.cordova.output.base : C:\Users\tony\IdeaProjects\MainClient/cordova/www 
             app.cordova.output.manifest : ${build.id}.json                                  
                 app.cordova.output.page : index.html                                        
                    app.development.tags :                                                   
             app.development.tags.length : 0                                                 
                                 app.dir : C:\Users\tony\IdeaProjects\MainClient             
                           app.framework : ext                                               
                                  app.id : d4e01a24-0109-49bf-bbb1-74bc558c71fc              
                       app.indexHtmlPath : index.html                                        
                        app.loader.cache : false                                             
                   app.loader.cacheParam : _dc                                               
                    app.modern.js.0.path : C:\Users\tony\IdeaProjects\MainClient\ext/build/ext-modern-all-debug.js
                    app.modern.js.length : 1                                                 
                                app.name : MainClient                                        
              app.output.appCache.enable : false                                             
                         app.output.base : C:\Users\tony\IdeaProjects\MainClient/build/${build.environment}/MainClient/${build.id}
                     app.output.manifest : ../${build.id}.json                               
           app.output.microloader.enable : true                                              
                         app.output.page : ../index.html                                     
                           app.overrides : overrides,${toolkit.name}/overrides               
                         app.overrides.0 : overrides                                         
                         app.overrides.1 : ${toolkit.name}/overrides                         
                    app.overrides.length : 2                                                 
               app.phonegap.cache.enable : false                                             
                  app.phonegap.config.id : com.domain.MainClient                             
                app.phonegap.config.name : MainClient                                        
                app.phonegap.config.path : C:\Users\tony\IdeaProjects\MainClient/phonegap    
              app.phonegap.config.remote : false                                             
             app.phonegap.config.verbose : false                                             
                  app.phonegap.js.0.path : phonegap.js                                       
              app.phonegap.js.0.priority : 1000                                              
                app.phonegap.js.0.remote : true                                              
                  app.phonegap.js.length : 1                                                 
                app.phonegap.microloader : C:\Users\tony\IdeaProjects\MainClient\.sencha\app/Microloader.js
     app.phonegap.output.appCache.enable : false                                             
                app.phonegap.output.base : C:\Users\tony\IdeaProjects\MainClient/phonegap/www
            app.phonegap.output.manifest : ${build.id}.json                                  
                app.phonegap.output.page : index.html                                        
             app.production.cache.enable : true                                              
          app.production.compressor.type : yui                                               
             app.production.loader.cache : ${build.timestamp}                                
   app.production.output.appCache.enable : true                                              
     app.production.output.appCache.path : ../cache.appcache                                 
                      app.requires.names : ext,font-awesome,ux                               
                   app.requires.packages : C:\Users\tony\IdeaProjects\MainClient\ext,C:\Users\tony\IdeaProjects\MainClient\ext\packages\font-awesome,C:\Users\tony\IdeaProjects\MainClient\ext\packages\ux
                      app.resource.paths : resources,${toolkit.name}/resources               
                    app.resource.paths.0 : resources                                         
                    app.resource.paths.1 : ${toolkit.name}/resources                         
               app.resource.paths.length : 2                                                 
                        app.sass.dynamic : true                                              
                            app.sass.etc : sass/etc/all.scss,${toolkit.name}/sass/etc/all.scss
                          app.sass.etc.0 : sass/etc/all.scss                                 
                          app.sass.etc.1 : ${toolkit.name}/sass/etc/all.scss                 
                     app.sass.etc.length : 2                                                 
                      app.sass.namespace : MainClient                                        
                            app.sass.src : sass/src,${toolkit.name}/sass/src                 
                          app.sass.src.0 : sass/src                                          
                          app.sass.src.1 : ${toolkit.name}/sass/src                          
                     app.sass.src.length : 2                                                 
                            app.sass.var : sass/var/all.scss,sass/var,${toolkit.name}/sass/var
                          app.sass.var.0 : sass/var/all.scss                                 
                          app.sass.var.1 : sass/var                                          
                          app.sass.var.2 : ${toolkit.name}/sass/var                          
                     app.sass.var.length : 3                                                 
                 app.slicer.cache.enable : false                                             
        app.slicer.js.0.isWidgetManifest : true                                              
                    app.slicer.js.0.path : C:\Users\tony\IdeaProjects\MainClient/sass/example/custom.js
                    app.slicer.js.length : 1                                                 
       app.slicer.output.appCache.enable : false                                             
                             app.version : 1.0.0.0                                           
                    buildenvironment.dir : C:\Users\tony\IdeaProjects\MainClient             
               buildenvironment.load.dir : C:\Users\tony\IdeaProjects\MainClient             
                          cmd.config.dir : C:\Users\tony\bin\Sencha\Cmd\6.0.0.202            
                                 cmd.dir : C:\Users\tony\bin\Sencha\Cmd\6.0.0.202            
                    cmd.framework.minver : 5.5.0                                             
                   cmd.framework.version : 99.99                                             
                            cmd.jvm.args : -Xms128m -Xmx1024m -Dapple.awt.UIElement=true     
              cmd.merge.tool.args.araxis : -wait -merge -3 -a1 {base} {user} {generated} {out}
              cmd.merge.tool.args.kdiff3 : {base} {user} {generated} -o {out}                
             cmd.merge.tool.args.p4merge : {base} {user} {generated} {out}                   
           cmd.merge.tool.args.smartsync : {user} {generated} {base}                         
          cmd.merge.tool.args.sourcegear : --merge --result={out} {user} {base} {generated}  
            cmd.merge.tool.args.tortoise : -base:{base} -theirs:{generated} -mine:{user} -merged:{out}
                              cmd.minver : 3.0.0.0                                           
                            cmd.platform : windows                                           
                         cmd.server.port : 1841                                              
                     cmd.unicode.escapes : C:\Users\tony\bin\Sencha\Cmd\6.0.0.202/unicode-escapes.json
                             cmd.version : 6.0.0.202                                         
                            cmd.web.port : 1841                                              
                      config.skipInherit : false                                             
                                 ext.dir : C:\Users\tony\IdeaProjects\MainClient/ext         
                        ext.license.name : gpl                                               
                     framework.build.dir : ${package.output.base}                            
                     framework.classpath : ${package.dir}/src                                
                    framework.cmd.minver : 6.0.0.202                                         
                   framework.cmd.version : 6.0.0.202                                         
                 framework.compatVersion : 6.0.0                                             
                    framework.config.dir : C:\Users\tony\bin\Sencha\Cmd\6.0.0.202\plugins\ext\current
                       framework.creator : Sencha                                            
           framework.detailedDescription : Sencha Ext JS JavaScript Framework                
                           framework.dir : C:\Users\tony\IdeaProjects\MainClient\ext         
                  framework.example.apps : admin-dashboard,executive-dashboard,kitchensink,classic/charts-kitchensink,classic/desktop,classic/ticket-app,classic/portal,classic/simple-tasks,classic/responsive-app,classic/aria,modern/addressbook,modern/energy,modern/stockapp,modern/states,modern/geocongress,modern/oreilly
                framework.example.apps.0 : admin-dashboard                                   
                framework.example.apps.1 : executive-dashboard                               
               framework.example.apps.10 : modern/addressbook                                
               framework.example.apps.11 : modern/energy                                     
               framework.example.apps.12 : modern/stockapp                                   
               framework.example.apps.13 : modern/states                                     
               framework.example.apps.14 : modern/geocongress                                
               framework.example.apps.15 : modern/oreilly                                    
                framework.example.apps.2 : kitchensink                                       
                framework.example.apps.3 : classic/charts-kitchensink                        
                framework.example.apps.4 : classic/desktop                                   
                framework.example.apps.5 : classic/ticket-app                                
                framework.example.apps.6 : classic/portal                                    
                framework.example.apps.7 : classic/simple-tasks                              
                framework.example.apps.8 : classic/responsive-app                            
                framework.example.apps.9 : classic/aria                                      
           framework.example.apps.length : 16                                                
                  framework.example.path : examples,templates                                
                framework.example.path.0 : examples                                          
                framework.example.path.1 : templates                                         
           framework.example.path.length : 2                                                 
                        framework.format : 1                                                 
                          framework.isV5 : true                                              
                          framework.isV6 : true                                              
                          framework.name : ext                                               
                        framework.output : ${package.dir}/build                              
                     framework.overrides : ${package.dir}/overrides                          
                  framework.packages.dir : C:\Users\tony\IdeaProjects\MainClient\ext/packages/,C:\Users\tony\IdeaProjects\MainClient\ext/${toolkit.name}
                     framework.resources : resources                                         
                   framework.resources.0 : resources                                         
              framework.resources.length : 1                                                 
                      framework.sass.etc : ${package.dir}/sass/etc/all.scss                  
                  framework.sass.fashion : true                                              
                framework.sass.namespace : Ext                                               
                      framework.sass.src : ${package.dir}/sass/src                           
                      framework.sass.var : ${package.dir}/sass/var                           
                       framework.subpkgs : classic/classic,modern/modern,packages/charts,packages/amf,packages/soap,packages/ux
                     framework.subpkgs.0 : classic/classic                                   
                     framework.subpkgs.1 : modern/modern                                     
                     framework.subpkgs.2 : packages/charts                                   
                     framework.subpkgs.3 : packages/amf                                      
                     framework.subpkgs.4 : packages/soap                                     
                     framework.subpkgs.5 : packages/ux                                       
                framework.subpkgs.length : 6                                                 
                       framework.summary : Ext JS                                            
                          framework.type : framework                                         
                       framework.version : 6.0.0.640                                         
                    package.sass.dynamic : true                                              
                          repo.local.dir : C:\Users\tony\bin\Sencha\Cmd\repo                 
        system.java.net.useSystemProxies : true                                              
                     workspace.build.dir : C:\Users\tony\IdeaProjects\MainClient/build       
                   workspace.cmd.version : 6.0.0.202                                         
                    workspace.config.dir : C:\Users\tony\IdeaProjects\MainClient\.sencha\workspace
                           workspace.dir : C:\Users\tony\IdeaProjects\MainClient             
                  workspace.packages.dir : C:\Users\tony\IdeaProjects\MainClient/packages/local,C:\Users\tony\IdeaProjects\MainClient/packages
              workspace.packages.extract : C:\Users\tony\IdeaProjects\MainClient/packages/remote
                     workspace.theme.dir : C:\Users\tony\IdeaProjects\MainClient/packages/local,C:\Users\tony\IdeaProjects\MainClient/packages/${args.themeName}

Exception information:
=======================
No such property : h
     at com.sencha.cli.AbstractCommand$Properties.getProperty(AbstractCommand.java:441)
     at com.sencha.cli.AbstractCommand.parseConfigParam(AbstractCommand.java:465)
     at com.sencha.cli.AbstractCommand.processConfigParam(AbstractCommand.java:515)
     at com.sencha.cli.AbstractCommand.configure(AbstractCommand.java:114)
     at com.sencha.command.Sencha.main(Sencha.java:129)
     at sun.reflect.NativeMethodAccessorImpl.invoke0(Native Method)
     at sun.reflect.NativeMethodAccessorImpl.invoke(Unknown Source)
     at sun.reflect.DelegatingMethodAccessorImpl.invoke(Unknown Source)
     at java.lang.reflect.Method.invoke(Unknown Source)
     at com.exe4j.runtime.LauncherEngine.launch(Unknown Source)
     at com.exe4j.runtime.WinLauncher.main(Unknown Source)
     at com.install4j.runtime.launcher.WinLauncher.main(Unknown Source)

